<?xml version="1.0" encoding="UTF-8"?>
<!-- Generated by org.testng.reporters.JUnitReportReporter -->
<testsuite hostname="LAPTOP-0OCNEOCF" failures="0" tests="1" name="qsp.Demo2" time="0.002" errors="0" timestamp="2023-12-11T17:57:40 IST" skipped="0">
  <testcase classname="qsp.Demo2" name="test3" time="0.002">
    <system-out>
      <![CDATA[Bangalore]]>
    </system-out>
  </testcase> <!-- test3 -->
  <system-out>
    <![CDATA[hello
hii
Bangalore]]>
  </system-out>
</testsuite> <!-- qsp.Demo2 -->
