<?xml version="1.0" encoding="UTF-8"?>
<!-- Generated by org.testng.reporters.JUnitReportReporter -->
<testsuite hostname="LAPTOP-0OCNEOCF" failures="0" tests="2" name="qsp.Demo1" time="0.010" errors="0" timestamp="2023-12-11T17:57:40 IST" skipped="0">
  <testcase classname="qsp.Demo1" name="test1" time="0.009">
    <system-out>
      <![CDATA[hello]]>
    </system-out>
  </testcase> <!-- test1 -->
  <testcase classname="qsp.Demo1" name="test2" time="0.001">
    <system-out>
      <![CDATA[hii]]>
    </system-out>
  </testcase> <!-- test2 -->
  <system-out>
    <![CDATA[hello
hii
Bangalore]]>
  </system-out>
</testsuite> <!-- qsp.Demo1 -->
