<?xml version="1.0" encoding="UTF-8"?>
<!-- Generated by org.testng.reporters.JUnitReportReporter -->
<testsuite hostname="LAPTOP-0OCNEOCF" failures="0" tests="2" name="qsp.Demo3" time="0.010" errors="0" timestamp="2023-12-12T16:44:12 IST" skipped="0">
  <testcase classname="qsp.Demo3" name="test2" time="0.009">
    <system-out>
      <![CDATA[India]]>
    </system-out>
  </testcase> <!-- test2 -->
  <testcase classname="qsp.Demo3" name="test1" time="0.001">
    <system-out>
      <![CDATA[Hello]]>
    </system-out>
  </testcase> <!-- test1 -->
  <system-out>
    <![CDATA[India
Hello]]>
  </system-out>
</testsuite> <!-- qsp.Demo3 -->
